C51 COMPILER V9.56.0.0   ABENCODER                                                         01/29/2023 22:43:41 PAGE 1   


C51 COMPILER V9.56.0.0, COMPILATION OF MODULE ABENCODER
OBJECT MODULE PLACED IN .\Objects\ABencoder.obj
COMPILER INVOKED BY: D:\Keil_v5\C51\BIN\C51.EXE ABencoder.c LARGE OMF2 OPTIMIZE(0,SIZE) BROWSE ORDER INCDIR(..\Src;.\LCD
                    -) DEBUG PRINT(.\Listings\ABencoder.lst) TABS(2) OBJECT(.\Objects\ABencoder.obj)

line level    source

   1          #include "main.h"
   2          
   3          
   4          u8 ABEncoderStep=0X88;
   5          u8 PreABEncoderStep=0X88;
   6          u8 ABEncoderDir=0;
   7          
   8          
   9          //¶ÁÈ¡±àÂëÆ÷µÄ×´Ì¬£¬·µ»Ø¶ÁÈ¡Öµ£¬AB
  10          //0x00,0x08,0x88,0x80  
  11          
  12          void ReadABOpticalEncoder(void)
  13          {
  14   1      //  u8 pv;
  15   1        ABEncoderStep=P3&0X88;
  16   1      //  ABEncoderStep=(ret>>2)&0X3;
  17   1      if (ABEncoderStep==0X08)
  18   1      /*  if (
  19   1          (ABEncoderStep==0X08 && PreABEncoderStep==0X88)
  20   1          ||(ABEncoderStep==0X80 && PreABEncoderStep==0X00)
  21   1          ||(ABEncoderStep==0X88 && PreABEncoderStep==0X80)
  22   1        //  ||(ABEncoderStep==0X00 && PreABEncoderStep==0X08)
  23   1          )*/
  24   1        {
  25   2          ABEncoderDir=1;
  26   2        }
  27   1        
  28   1      else if (ABEncoderStep==0X80)
  29   1      /*  else if (
  30   1          (ABEncoderStep==0X80 && PreABEncoderStep==0X88)
  31   1          ||(ABEncoderStep==0X08 && PreABEncoderStep==0X00)
  32   1      //    ||(ABEncoderStep==0X00 && PreABEncoderStep==0X80)
  33   1          ||(ABEncoderStep==0X88 && PreABEncoderStep==0X08)
  34   1          )*/
  35   1        {
  36   2          ABEncoderDir=0xff;
  37   2        }
  38   1      //  PreABEncoderStep=ABEncoderStep;
  39   1      }
  40          
  41          
  42          


MODULE INFORMATION:   STATIC OVERLAYABLE
   CODE SIZE        =     42    ----
   CONSTANT SIZE    =   ----    ----
   XDATA SIZE       =      3    ----
   PDATA SIZE       =   ----    ----
   DATA SIZE        =   ----    ----
   IDATA SIZE       =   ----    ----
   BIT SIZE         =   ----    ----
   EDATA SIZE       =   ----    ----
   HDATA SIZE       =   ----    ----
C51 COMPILER V9.56.0.0   ABENCODER                                                         01/29/2023 22:43:41 PAGE 2   

   XDATA CONST SIZE =   ----    ----
   FAR CONST SIZE   =   ----    ----
END OF MODULE INFORMATION.


C51 COMPILATION COMPLETE.  0 WARNING(S),  0 ERROR(S)
