C51 COMPILER V9.56.0.0   PWM                                                               01/26/2021 18:40:24 PAGE 1   


C51 COMPILER V9.56.0.0, COMPILATION OF MODULE PWM
OBJECT MODULE PLACED IN .\Objects\PWM.obj
COMPILER INVOKED BY: D:\Keil_v5\C51\BIN\C51.EXE PWM.c LARGE OMF2 OPTIMIZE(0,SIZE) BROWSE ORDER INCDIR(..\Src) DEBUG PRIN
                    -T(.\Listings\PWM.lst) TABS(2) OBJECT(.\Objects\PWM.obj)

line level    source

   1          #include "main.h"
   2          #include "pwm.h"
   3          #include "intrins.h"
   4          
   5          void PWMInit(void)
   6          {
   7   1        P21=1;
   8   1        P22=1;
   9   1          P_SW2 = 0x80;
  10   1          PWMCKS = 0x00;                              // PWM时钟为系统时钟
  11   1          PWMC = 26;                              //设置PWM周期为25个PWM时钟
  12   1          TADCP =00;
  13   1        PWM1T1= 1;              //PWM1在计数值为30地方输出低电平
  14   1        PWM1T2= 12;                //PWM1在计数值为0地方输出高电平
  15   1        PWM2T1= 14;               //PWM2在计数值为30地方输出低电平
  16   1        PWM2T2= 25;                //PWM2在计数值为0地方输出高电平
  17   1          PWM1CR= 0x00;                               //使能PWM1输出,初始为高电平
  18   1          PWM2CR= 0x00;                               //使能PWM2输出,初始为高电平
  19   1          P_SW2 = 0x00;
  20   1          PWMCR = 0x00;                               //启动PWM模块
  21   1        
  22   1      }
  23          
  24          //dutypre :0-20
  25          /*
  26          void SetPwmDuty(u8 dutypre)
  27          {
  28            if(dutypre==0)
  29              {
  30              P_SW2 = 0x80;
  31              PWM1T1= 30;                             //PWM1在计数值为30地方输出低电平
  32                PWM1T2= 0;                             //PWM1在计数值为0地方输出高电平
  33                PWM2T1= 30;                             //PWM2在计数值为30地方输出低电平
  34                PWM2T2= 0;                             //PWM2在计数值为0地方输出高电平
  35                P_SW2 = 0x00;
  36              }
  37            else
  38              {
  39              P_SW2 = 0x80;
  40              PWM1T1= 0;                             //PWM1在计数值为1地方输出低电平
  41                PWM1T2= (dutypre>>1)+1;                             //PWM1在计数值为10地方输出高电平
  42                PWM2T1= 13;                             //PWM2在计数值为11H地方输出低电平
  43                PWM2T2= ((dutypre+1)>>1)+14;                             //PWM2在计数值为22地方输出高电平
  44                P_SW2 = 0x00;
  45              }
  46          }
  47          */
  48          void StopPwm()
  49          {
  50   1        P_SW2 = 0x80;
  51   1        PWM1CR= 0x00;                               //使能PWM1不输出
  52   1          PWM2CR= 0x00;                               //使能PWM2不输出
  53   1          P_SW2 = 0x00;
  54   1        PWMCR = 0x00;                               //启动PWM模块
C51 COMPILER V9.56.0.0   PWM                                                               01/26/2021 18:40:24 PAGE 2   

  55   1      }
  56          
  57          void BeginPwm()
  58          {
  59   1        P_SW2 = 0x80;
  60   1        PWM1CR= 0xC0;                               //使能PWM1输出,初始为高电平
  61   1          PWM2CR= 0xC0;                               //使能PWM2输出,初始为高电平
  62   1          P_SW2 = 0x00;
  63   1          PWMCR = 0x80;                               //启动PWM模块
  64   1      }
  65          
  66          


MODULE INFORMATION:   STATIC OVERLAYABLE
   CODE SIZE        =    121    ----
   CONSTANT SIZE    =   ----    ----
   XDATA SIZE       =   ----    ----
   PDATA SIZE       =   ----    ----
   DATA SIZE        =   ----    ----
   IDATA SIZE       =   ----    ----
   BIT SIZE         =   ----    ----
   EDATA SIZE       =   ----    ----
   HDATA SIZE       =   ----    ----
   XDATA CONST SIZE =   ----    ----
   FAR CONST SIZE   =   ----    ----
END OF MODULE INFORMATION.


C51 COMPILATION COMPLETE.  0 WARNING(S),  0 ERROR(S)
