C51 COMPILER V9.56.0.0   PWM                                                               03/26/2021 01:47:52 PAGE 1   


C51 COMPILER V9.56.0.0, COMPILATION OF MODULE PWM
OBJECT MODULE PLACED IN .\Objects\PWM.obj
COMPILER INVOKED BY: D:\Keil_v5\C51\BIN\C51.EXE PWM.c LARGE OMF2 OPTIMIZE(0,SIZE) BROWSE ORDER INCDIR(..\Src) DEBUG PRIN
                    -T(.\Listings\PWM.lst) TABS(2) OBJECT(.\Objects\PWM.obj)

line level    source

   1          #include "main.h"
   2          #include "pwm.h"
   3          #include "intrins.h"
   4          
   5          void PWMInit(void)
   6          {
   7   1        P21=1;
   8   1        P22=1;
   9   1          P_SW2 = 0x80;
  10   1          PWMCKS = 0x00;                              // PWM时钟为系统时钟
*** ERROR C202 IN LINE 10 OF PWM.c: 'PWMCKS': undefined identifier
  11   1          PWMC = 26;                              //设置PWM周期为25个PWM时钟
*** ERROR C202 IN LINE 11 OF PWM.c: 'PWMC': undefined identifier
  12   1          TADCP =00;
*** ERROR C202 IN LINE 12 OF PWM.c: 'TADCP': undefined identifier
  13   1        PWM1T1= 1;              //PWM1在计数值为30地方输出低电平
*** ERROR C202 IN LINE 13 OF PWM.c: 'PWM1T1': undefined identifier
  14   1        PWM1T2= 12;                //PWM1在计数值为0地方输出高电平
*** ERROR C202 IN LINE 14 OF PWM.c: 'PWM1T2': undefined identifier
  15   1        PWM2T1= 14;               //PWM2在计数值为30地方输出低电平
*** ERROR C202 IN LINE 15 OF PWM.c: 'PWM2T1': undefined identifier
  16   1        PWM2T2= 25;                //PWM2在计数值为0地方输出高电平
*** ERROR C202 IN LINE 16 OF PWM.c: 'PWM2T2': undefined identifier
  17   1          PWM1CR= 0x00;                               //使能PWM1输出,初始为高电平
*** ERROR C202 IN LINE 17 OF PWM.c: 'PWM1CR': undefined identifier
  18   1          PWM2CR= 0x00;                               //使能PWM2输出,初始为高电平
*** ERROR C202 IN LINE 18 OF PWM.c: 'PWM2CR': undefined identifier
  19   1          P_SW2 = 0x00;
  20   1          PWMCR = 0x00;                               //启动PWM模块
*** ERROR C202 IN LINE 20 OF PWM.c: 'PWMCR': undefined identifier
  21   1        
  22   1      }
  23          
  24          //dutypre :0-20
  25          /*
  26          void SetPwmDuty(u8 dutypre)
  27          {
  28            if(dutypre==0)
  29              {
  30              P_SW2 = 0x80;
  31              PWM1T1= 30;                             //PWM1在计数值为30地方输出低电平
  32                PWM1T2= 0;                             //PWM1在计数值为0地方输出高电平
  33                PWM2T1= 30;                             //PWM2在计数值为30地方输出低电平
  34                PWM2T2= 0;                             //PWM2在计数值为0地方输出高电平
  35                P_SW2 = 0x00;
  36              }
  37            else
  38              {
  39              P_SW2 = 0x80;
  40              PWM1T1= 0;                             //PWM1在计数值为1地方输出低电平
  41                PWM1T2= (dutypre>>1)+1;                             //PWM1在计数值为10地方输出高电平
  42                PWM2T1= 13;                             //PWM2在计数值为11H地方输出低电平
  43                PWM2T2= ((dutypre+1)>>1)+14;                             //PWM2在计数值为22地方输出高电平
  44                P_SW2 = 0x00;
C51 COMPILER V9.56.0.0   PWM                                                               03/26/2021 01:47:52 PAGE 2   

  45              }
  46          }
  47          */
  48          
  49          
  50          
  51          void BeginPwm()
  52          {
  53   1        P_SW2 = 0x80;
  54   1        PWM1CR= 0xC0;                               //使能PWM1输出,初始为高电平
*** ERROR C202 IN LINE 54 OF PWM.c: 'PWM1CR': undefined identifier
  55   1          PWM2CR= 0xC0;                               //使能PWM2输出,初始为高电平
*** ERROR C202 IN LINE 55 OF PWM.c: 'PWM2CR': undefined identifier
  56   1          P_SW2 = 0x00;
  57   1          PWMCR = 0x80;                               //启动PWM模块
*** ERROR C202 IN LINE 57 OF PWM.c: 'PWMCR': undefined identifier
  58   1      }
  59          
  60          

C51 COMPILATION COMPLETE.  0 WARNING(S),  13 ERROR(S)
